<?xml version="1.0" encoding="UTF-8"?>
<!-- Generated by org.testng.reporters.JUnitReportReporter -->
<testsuite hostname="DESKTOP-LR9256T" failures="0" tests="1" name="com.garima.project.AppTest" time="59.750" errors="0" timestamp="2025-07-10T10:38:09 IST" skipped="0">
  <testcase classname="com.garima.project.AppTest" name="openGoogle" time="59.750"/>
</testsuite> <!-- com.garima.project.AppTest -->
